<?xml version="1.0" encoding="UTF-8"?>
<!-- Generated by org.testng.reporters.JUnitXMLReporter -->
<testsuite hostname="SHRAVIKA" name="Default test" tests="6" failures="0" timestamp="11 Oct 2021 04:24:16 GMT" time="134.473" errors="0">
  <testcase name="loginpageTest" time="45.871" classname="com.selenium.testCases.testRun"/>
  <testcase name="themePageTest" time="68.174" classname="com.selenium.testCases.testRun"/>
  <testcase name="epicPageTest" time="6.069" classname="com.selenium.testCases.testRun"/>
  <testcase name="commentPageTest" time="2.106" classname="com.selenium.testCases.testRun"/>
  <testcase name="attachmentPageTest" time="2.087" classname="com.selenium.testCases.testRun"/>
  <testcase name="activityLogPageTest" time="10.135" classname="com.selenium.testCases.testRun"/>
</testsuite> <!-- Default test -->
