<?xml version="1.0" encoding="UTF-8"?>
<!-- Generated by org.testng.reporters.JUnitXMLReporter -->
<testsuite ignored="0" hostname="venis-MacBook-Air.local" failures="1" tests="1" name="Test" time="0.083" errors="0" timestamp="2021-10-07T12:24:43 IST">
  <testcase classname="com.selenium.testCases.testRun" name="loginpageTest" time="0.008">
    <failure type="java.lang.NullPointerException">
      <![CDATA[java.lang.NullPointerException
at com.selenium.mainSpring.loginPage.userLogin(loginPage.java:24)
at com.selenium.testCases.testRun.loginpageTest(testRun.java:27)
at java.base/java.util.ArrayList.forEach(ArrayList.java:1541)
... Removed 31 stack frames]]>
    </failure>
  </testcase> <!-- loginpageTest -->
</testsuite> <!-- Test -->
