<?xml version="1.0" encoding="UTF-8"?>
<testng-results skipped="0" failed="1" total="6" passed="5">
  <reporter-output>
  </reporter-output>
  <suite name="Default suite" duration-ms="197093" started-at="2021-10-12T07:13:50Z" finished-at="2021-10-12T07:17:07Z">
    <groups>
    </groups>
    <test name="Default test" duration-ms="197093" started-at="2021-10-12T07:13:50Z" finished-at="2021-10-12T07:17:07Z">
      <class name="com.selenium.testCases.testRun">
        <test-method status="PASS" signature="openBrowser()[pri:0, instance:com.selenium.testCases.testRun@5579bb86]" name="openBrowser" is-config="true" duration-ms="11129" started-at="2021-10-12T12:43:39Z" finished-at="2021-10-12T12:43:50Z">
          <reporter-output>
          </reporter-output>
        </test-method> <!-- openBrowser -->
        <test-method status="PASS" signature="loginpageTest()[pri:0, instance:com.selenium.testCases.testRun@5579bb86]" name="loginpageTest" duration-ms="51492" started-at="2021-10-12T12:43:50Z" finished-at="2021-10-12T12:44:41Z">
          <reporter-output>
          </reporter-output>
        </test-method> <!-- loginpageTest -->
        <test-method status="FAIL" signature="themePageTest()[pri:1, instance:com.selenium.testCases.testRun@5579bb86]" name="themePageTest" duration-ms="86595" started-at="2021-10-12T12:44:41Z" finished-at="2021-10-12T12:46:08Z">
          <exception class="org.openqa.selenium.NoSuchElementException">
            <message>
              <![CDATA[no such element: Unable to locate element: {"method":"xpath","selector":"/html/body/div[1]/div[2]/div[2]/div/div/textarea"}
  (Session info: chrome=94.0.4606.71)
For documentation on this error, please visit: https://www.seleniumhq.org/exceptions/no_such_element.html
Build info: version: '3.141.59', revision: 'e82be7d358', time: '2018-11-14T08:17:03'
System info: host: 'SHRAVIKA', ip: '192.168.246.195', os.name: 'Windows 10', os.arch: 'amd64', os.version: '10.0', java.version: '1.8.0_301'
Driver info: org.openqa.selenium.chrome.ChromeDriver
Capabilities {acceptInsecureCerts: false, browserName: chrome, browserVersion: 94.0.4606.71, chrome: {chromedriverVersion: 94.0.4606.41 (333e85df3c9b6..., userDataDir: C:\Users\hp\AppData\Local\T...}, goog:chromeOptions: {debuggerAddress: localhost:4803}, javascriptEnabled: true, networkConnectionEnabled: false, pageLoadStrategy: normal, platform: WINDOWS, platformName: WINDOWS, proxy: Proxy(), setWindowRect: true, strictFileInteractability: false, timeouts: {implicit: 0, pageLoad: 300000, script: 30000}, unhandledPromptBehavior: dismiss and notify, webauthn:extension:credBlob: true, webauthn:extension:largeBlob: true, webauthn:virtualAuthenticators: true}
Session ID: 52bca27e54c038696d3d7a92239f9755
*** Element info: {Using=xpath, value=/html/body/div[1]/div[2]/div[2]/div/div/textarea}]]>
            </message>
            <full-stacktrace>
              <![CDATA[org.openqa.selenium.NoSuchElementException: no such element: Unable to locate element: {"method":"xpath","selector":"/html/body/div[1]/div[2]/div[2]/div/div/textarea"}
  (Session info: chrome=94.0.4606.71)
For documentation on this error, please visit: https://www.seleniumhq.org/exceptions/no_such_element.html
Build info: version: '3.141.59', revision: 'e82be7d358', time: '2018-11-14T08:17:03'
System info: host: 'SHRAVIKA', ip: '192.168.246.195', os.name: 'Windows 10', os.arch: 'amd64', os.version: '10.0', java.version: '1.8.0_301'
Driver info: org.openqa.selenium.chrome.ChromeDriver
Capabilities {acceptInsecureCerts: false, browserName: chrome, browserVersion: 94.0.4606.71, chrome: {chromedriverVersion: 94.0.4606.41 (333e85df3c9b6..., userDataDir: C:\Users\hp\AppData\Local\T...}, goog:chromeOptions: {debuggerAddress: localhost:4803}, javascriptEnabled: true, networkConnectionEnabled: false, pageLoadStrategy: normal, platform: WINDOWS, platformName: WINDOWS, proxy: Proxy(), setWindowRect: true, strictFileInteractability: false, timeouts: {implicit: 0, pageLoad: 300000, script: 30000}, unhandledPromptBehavior: dismiss and notify, webauthn:extension:credBlob: true, webauthn:extension:largeBlob: true, webauthn:virtualAuthenticators: true}
Session ID: 52bca27e54c038696d3d7a92239f9755
*** Element info: {Using=xpath, value=/html/body/div[1]/div[2]/div[2]/div/div/textarea}
	at sun.reflect.NativeConstructorAccessorImpl.newInstance0(Native Method)
	at sun.reflect.NativeConstructorAccessorImpl.newInstance(Unknown Source)
	at sun.reflect.DelegatingConstructorAccessorImpl.newInstance(Unknown Source)
	at java.lang.reflect.Constructor.newInstance(Unknown Source)
	at org.openqa.selenium.remote.http.W3CHttpResponseCodec.createException(W3CHttpResponseCodec.java:187)
	at org.openqa.selenium.remote.http.W3CHttpResponseCodec.decode(W3CHttpResponseCodec.java:122)
	at org.openqa.selenium.remote.http.W3CHttpResponseCodec.decode(W3CHttpResponseCodec.java:49)
	at org.openqa.selenium.remote.HttpCommandExecutor.execute(HttpCommandExecutor.java:158)
	at org.openqa.selenium.remote.service.DriverCommandExecutor.execute(DriverCommandExecutor.java:83)
	at org.openqa.selenium.remote.RemoteWebDriver.execute(RemoteWebDriver.java:552)
	at org.openqa.selenium.remote.RemoteWebDriver.findElement(RemoteWebDriver.java:323)
	at org.openqa.selenium.remote.RemoteWebDriver.findElementByXPath(RemoteWebDriver.java:428)
	at org.openqa.selenium.By$ByXPath.findElement(By.java:353)
	at org.openqa.selenium.remote.RemoteWebDriver.findElement(RemoteWebDriver.java:315)
	at com.selenium.mainSpring.themes_module.unblockComment(themes_module.java:144)
	at com.selenium.testCases.testRun.themePageTest(testRun.java:101)
	at sun.reflect.NativeMethodAccessorImpl.invoke0(Native Method)
	at sun.reflect.NativeMethodAccessorImpl.invoke(Unknown Source)
	at sun.reflect.DelegatingMethodAccessorImpl.invoke(Unknown Source)
	at java.lang.reflect.Method.invoke(Unknown Source)
	at org.testng.internal.MethodInvocationHelper.invokeMethod(MethodInvocationHelper.java:100)
	at org.testng.internal.Invoker.invokeMethod(Invoker.java:646)
	at org.testng.internal.Invoker.invokeTestMethod(Invoker.java:811)
	at org.testng.internal.Invoker.invokeTestMethods(Invoker.java:1129)
	at org.testng.internal.TestMethodWorker.invokeTestMethods(TestMethodWorker.java:129)
	at org.testng.internal.TestMethodWorker.run(TestMethodWorker.java:112)
	at org.testng.TestRunner.privateRun(TestRunner.java:746)
	at org.testng.TestRunner.run(TestRunner.java:600)
	at org.testng.SuiteRunner.runTest(SuiteRunner.java:366)
	at org.testng.SuiteRunner.runSequentially(SuiteRunner.java:361)
	at org.testng.SuiteRunner.privateRun(SuiteRunner.java:319)
	at org.testng.SuiteRunner.run(SuiteRunner.java:268)
	at org.testng.SuiteRunnerWorker.runSuite(SuiteRunnerWorker.java:52)
	at org.testng.SuiteRunnerWorker.run(SuiteRunnerWorker.java:86)
	at org.testng.TestNG.runSuitesSequentially(TestNG.java:1264)
	at org.testng.TestNG.runSuitesLocally(TestNG.java:1189)
	at org.testng.TestNG.runSuites(TestNG.java:1104)
	at org.testng.TestNG.run(TestNG.java:1076)
	at org.testng.remote.AbstractRemoteTestNG.run(AbstractRemoteTestNG.java:126)
	at org.testng.remote.RemoteTestNG.initAndRun(RemoteTestNG.java:152)
	at org.testng.remote.RemoteTestNG.main(RemoteTestNG.java:57)
]]>
            </full-stacktrace>
          </exception> <!-- org.openqa.selenium.NoSuchElementException -->
          <reporter-output>
          </reporter-output>
        </test-method> <!-- themePageTest -->
        <test-method status="PASS" signature="epicPageTest()[pri:2, instance:com.selenium.testCases.testRun@5579bb86]" name="epicPageTest" duration-ms="44034" started-at="2021-10-12T12:46:08Z" finished-at="2021-10-12T12:46:52Z">
          <reporter-output>
          </reporter-output>
        </test-method> <!-- epicPageTest -->
        <test-method status="PASS" signature="commentPageTest()[pri:3, instance:com.selenium.testCases.testRun@5579bb86]" name="commentPageTest" duration-ms="2126" started-at="2021-10-12T12:46:52Z" finished-at="2021-10-12T12:46:54Z">
          <reporter-output>
          </reporter-output>
        </test-method> <!-- commentPageTest -->
        <test-method status="PASS" signature="attachmentPageTest()[pri:4, instance:com.selenium.testCases.testRun@5579bb86]" name="attachmentPageTest" duration-ms="2127" started-at="2021-10-12T12:46:54Z" finished-at="2021-10-12T12:46:56Z">
          <reporter-output>
          </reporter-output>
        </test-method> <!-- attachmentPageTest -->
        <test-method status="PASS" signature="activityLogPageTest()[pri:5, instance:com.selenium.testCases.testRun@5579bb86]" name="activityLogPageTest" duration-ms="10677" started-at="2021-10-12T12:46:56Z" finished-at="2021-10-12T12:47:07Z">
          <reporter-output>
          </reporter-output>
        </test-method> <!-- activityLogPageTest -->
        <test-method status="PASS" signature="closeBrowser()[pri:0, instance:com.selenium.testCases.testRun@5579bb86]" name="closeBrowser" is-config="true" duration-ms="1331" started-at="2021-10-12T12:47:07Z" finished-at="2021-10-12T12:47:08Z">
          <reporter-output>
          </reporter-output>
        </test-method> <!-- closeBrowser -->
      </class> <!-- com.selenium.testCases.testRun -->
    </test> <!-- Default test -->
  </suite> <!-- Default suite -->
</testng-results>
